[1.500s] Invoking command in '/home/banjov2/speech-ros/src/audio_streamer': DEBUGINFOD_URLS=https://debuginfod.ubuntu.com PYTHONPATH=/home/banjov2/speech-ros/build/audio_streamer/prefix_override:/usr/lib/python3/dist-packages/colcon_core/task/python/colcon_distutils_commands:/home/banjov2/speech-ros/install/audio_streamer/lib/python3.12/site-packages:${PYTHONPATH} /usr/bin/python3 -W ignore:setup.py install is deprecated -W ignore:easy_install command is deprecated setup.py egg_info --egg-base ../../build/audio_streamer build --build-base /home/banjov2/speech-ros/build/audio_streamer/build install --record /home/banjov2/speech-ros/build/audio_streamer/install.log --single-version-externally-managed install_data
[1.879s] running egg_info
[1.879s] creating ../../build/audio_streamer/audio_streamer.egg-info
[1.901s] writing ../../build/audio_streamer/audio_streamer.egg-info/PKG-INFO
[1.901s] writing dependency_links to ../../build/audio_streamer/audio_streamer.egg-info/dependency_links.txt
[1.901s] writing requirements to ../../build/audio_streamer/audio_streamer.egg-info/requires.txt
[1.901s] writing top-level names to ../../build/audio_streamer/audio_streamer.egg-info/top_level.txt
[1.902s] writing manifest file '../../build/audio_streamer/audio_streamer.egg-info/SOURCES.txt'
[1.967s] reading manifest file '../../build/audio_streamer/audio_streamer.egg-info/SOURCES.txt'
[1.967s] writing manifest file '../../build/audio_streamer/audio_streamer.egg-info/SOURCES.txt'
[1.968s] running build
[1.968s] running build_py
[1.968s] creating /home/banjov2/speech-ros/build/audio_streamer/build
[1.968s] creating /home/banjov2/speech-ros/build/audio_streamer/build/lib
[1.968s] creating /home/banjov2/speech-ros/build/audio_streamer/build/lib/audio_streamer
[1.968s] copying audio_streamer/__init__.py -> /home/banjov2/speech-ros/build/audio_streamer/build/lib/audio_streamer
[1.968s] copying audio_streamer/audio_listener.py -> /home/banjov2/speech-ros/build/audio_streamer/build/lib/audio_streamer
[1.968s] copying audio_streamer/audiot_streamer.py -> /home/banjov2/speech-ros/build/audio_streamer/build/lib/audio_streamer
[1.968s] running install
[1.976s] running install_lib
[1.999s] creating /home/banjov2/speech-ros/install/audio_streamer/lib/python3.12/site-packages/audio_streamer
[1.999s] copying /home/banjov2/speech-ros/build/audio_streamer/build/lib/audio_streamer/__init__.py -> /home/banjov2/speech-ros/install/audio_streamer/lib/python3.12/site-packages/audio_streamer
[1.999s] copying /home/banjov2/speech-ros/build/audio_streamer/build/lib/audio_streamer/audio_listener.py -> /home/banjov2/speech-ros/install/audio_streamer/lib/python3.12/site-packages/audio_streamer
[1.999s] copying /home/banjov2/speech-ros/build/audio_streamer/build/lib/audio_streamer/audiot_streamer.py -> /home/banjov2/speech-ros/install/audio_streamer/lib/python3.12/site-packages/audio_streamer
[1.999s] byte-compiling /home/banjov2/speech-ros/install/audio_streamer/lib/python3.12/site-packages/audio_streamer/__init__.py to __init__.cpython-312.pyc
[2.000s] byte-compiling /home/banjov2/speech-ros/install/audio_streamer/lib/python3.12/site-packages/audio_streamer/audio_listener.py to audio_listener.cpython-312.pyc
[2.000s] byte-compiling /home/banjov2/speech-ros/install/audio_streamer/lib/python3.12/site-packages/audio_streamer/audiot_streamer.py to audiot_streamer.cpython-312.pyc
[2.001s] running install_data
[2.001s] creating /home/banjov2/speech-ros/install/audio_streamer/share/ament_index
[2.001s] creating /home/banjov2/speech-ros/install/audio_streamer/share/ament_index/resource_index
[2.001s] creating /home/banjov2/speech-ros/install/audio_streamer/share/ament_index/resource_index/packages
[2.002s] copying resource/audio_streamer -> /home/banjov2/speech-ros/install/audio_streamer/share/ament_index/resource_index/packages
[2.002s] copying package.xml -> /home/banjov2/speech-ros/install/audio_streamer/share/audio_streamer
[2.002s] running install_egg_info
[2.041s] Copying ../../build/audio_streamer/audio_streamer.egg-info to /home/banjov2/speech-ros/install/audio_streamer/lib/python3.12/site-packages/audio_streamer-0.0.0-py3.12.egg-info
[2.042s] running install_scripts
[2.225s] writing list of installed files to '/home/banjov2/speech-ros/build/audio_streamer/install.log'
[2.267s] Invoked command in '/home/banjov2/speech-ros/src/audio_streamer' returned '0': DEBUGINFOD_URLS=https://debuginfod.ubuntu.com PYTHONPATH=/home/banjov2/speech-ros/build/audio_streamer/prefix_override:/usr/lib/python3/dist-packages/colcon_core/task/python/colcon_distutils_commands:/home/banjov2/speech-ros/install/audio_streamer/lib/python3.12/site-packages:${PYTHONPATH} /usr/bin/python3 -W ignore:setup.py install is deprecated -W ignore:easy_install command is deprecated setup.py egg_info --egg-base ../../build/audio_streamer build --build-base /home/banjov2/speech-ros/build/audio_streamer/build install --record /home/banjov2/speech-ros/build/audio_streamer/install.log --single-version-externally-managed install_data
