/home/banjov2/speech-ros/install/audio_streamer/lib/python3.12/site-packages/audio_streamer/__init__.py
/home/banjov2/speech-ros/install/audio_streamer/lib/python3.12/site-packages/audio_streamer/audio_streamer_old.py
/home/banjov2/speech-ros/install/audio_streamer/lib/python3.12/site-packages/audio_streamer/recorder_tactigon.py
/home/banjov2/speech-ros/install/audio_streamer/lib/python3.12/site-packages/audio_streamer/audio_listener.py
/home/banjov2/speech-ros/install/audio_streamer/lib/python3.12/site-packages/audio_streamer/audio_streamer.py
/home/banjov2/speech-ros/install/audio_streamer/lib/python3.12/site-packages/audio_streamer/tactigon_recorder.py
/home/banjov2/speech-ros/install/audio_streamer/lib/python3.12/site-packages/audio_streamer/simple_recorder.py
/home/banjov2/speech-ros/install/audio_streamer/lib/python3.12/site-packages/audio_streamer/audio_streamerv2.py
/home/banjov2/speech-ros/install/audio_streamer/lib/python3.12/site-packages/audio_streamer/all-in-one.py
/home/banjov2/speech-ros/install/audio_streamer/lib/python3.12/site-packages/audio_streamer/__pycache__/__init__.cpython-312.pyc
/home/banjov2/speech-ros/install/audio_streamer/lib/python3.12/site-packages/audio_streamer/__pycache__/audio_streamer_old.cpython-312.pyc
/home/banjov2/speech-ros/install/audio_streamer/lib/python3.12/site-packages/audio_streamer/__pycache__/recorder_tactigon.cpython-312.pyc
/home/banjov2/speech-ros/install/audio_streamer/lib/python3.12/site-packages/audio_streamer/__pycache__/audio_listener.cpython-312.pyc
/home/banjov2/speech-ros/install/audio_streamer/lib/python3.12/site-packages/audio_streamer/__pycache__/audio_streamer.cpython-312.pyc
/home/banjov2/speech-ros/install/audio_streamer/lib/python3.12/site-packages/audio_streamer/__pycache__/tactigon_recorder.cpython-312.pyc
/home/banjov2/speech-ros/install/audio_streamer/lib/python3.12/site-packages/audio_streamer/__pycache__/simple_recorder.cpython-312.pyc
/home/banjov2/speech-ros/install/audio_streamer/lib/python3.12/site-packages/audio_streamer/__pycache__/audio_streamerv2.cpython-312.pyc
/home/banjov2/speech-ros/install/audio_streamer/lib/python3.12/site-packages/audio_streamer/__pycache__/all-in-one.cpython-312.pyc
/home/banjov2/speech-ros/install/audio_streamer/share/ament_index/resource_index/packages/audio_streamer
/home/banjov2/speech-ros/install/audio_streamer/share/audio_streamer/package.xml
/home/banjov2/speech-ros/install/audio_streamer/lib/python3.12/site-packages/audio_streamer-0.0.0-py3.12.egg-info/SOURCES.txt
/home/banjov2/speech-ros/install/audio_streamer/lib/python3.12/site-packages/audio_streamer-0.0.0-py3.12.egg-info/requires.txt
/home/banjov2/speech-ros/install/audio_streamer/lib/python3.12/site-packages/audio_streamer-0.0.0-py3.12.egg-info/entry_points.txt
/home/banjov2/speech-ros/install/audio_streamer/lib/python3.12/site-packages/audio_streamer-0.0.0-py3.12.egg-info/dependency_links.txt
/home/banjov2/speech-ros/install/audio_streamer/lib/python3.12/site-packages/audio_streamer-0.0.0-py3.12.egg-info/top_level.txt
/home/banjov2/speech-ros/install/audio_streamer/lib/python3.12/site-packages/audio_streamer-0.0.0-py3.12.egg-info/zip-safe
/home/banjov2/speech-ros/install/audio_streamer/lib/python3.12/site-packages/audio_streamer-0.0.0-py3.12.egg-info/PKG-INFO
/home/banjov2/speech-ros/install/audio_streamer/lib/audio_streamer/audio_streamer
/home/banjov2/speech-ros/install/audio_streamer/lib/audio_streamer/recorder_tactigon
