running egg_info
writing ../../build/audio_streamer/audio_streamer.egg-info/PKG-INFO
writing dependency_links to ../../build/audio_streamer/audio_streamer.egg-info/dependency_links.txt
writing entry points to ../../build/audio_streamer/audio_streamer.egg-info/entry_points.txt
writing requirements to ../../build/audio_streamer/audio_streamer.egg-info/requires.txt
writing top-level names to ../../build/audio_streamer/audio_streamer.egg-info/top_level.txt
reading manifest file '../../build/audio_streamer/audio_streamer.egg-info/SOURCES.txt'
writing manifest file '../../build/audio_streamer/audio_streamer.egg-info/SOURCES.txt'
running build
running build_py
copying audio_streamer/audio_streamer.py -> /home/banjov2/speech-ros/build/audio_streamer/build/lib/audio_streamer
copying audio_streamer/all-in-one.py -> /home/banjov2/speech-ros/build/audio_streamer/build/lib/audio_streamer
running install
running install_lib
copying /home/banjov2/speech-ros/build/audio_streamer/build/lib/audio_streamer/audio_streamer.py -> /home/banjov2/speech-ros/install/audio_streamer/lib/python3.12/site-packages/audio_streamer
copying /home/banjov2/speech-ros/build/audio_streamer/build/lib/audio_streamer/all-in-one.py -> /home/banjov2/speech-ros/install/audio_streamer/lib/python3.12/site-packages/audio_streamer
byte-compiling /home/banjov2/speech-ros/install/audio_streamer/lib/python3.12/site-packages/audio_streamer/audio_streamer.py to audio_streamer.cpython-312.pyc
byte-compiling /home/banjov2/speech-ros/install/audio_streamer/lib/python3.12/site-packages/audio_streamer/all-in-one.py to all-in-one.cpython-312.pyc
running install_data
running install_egg_info
removing '/home/banjov2/speech-ros/install/audio_streamer/lib/python3.12/site-packages/audio_streamer-0.0.0-py3.12.egg-info' (and everything under it)
Copying ../../build/audio_streamer/audio_streamer.egg-info to /home/banjov2/speech-ros/install/audio_streamer/lib/python3.12/site-packages/audio_streamer-0.0.0-py3.12.egg-info
running install_scripts
Installing audio_streamer script to /home/banjov2/speech-ros/install/audio_streamer/lib/audio_streamer
Installing recorder_tactigon script to /home/banjov2/speech-ros/install/audio_streamer/lib/audio_streamer
writing list of installed files to '/home/banjov2/speech-ros/build/audio_streamer/install.log'
