[0.089s] DEBUG:colcon:Command line arguments: ['/usr/bin/colcon', 'build']
[0.090s] DEBUG:colcon:Parsed command line arguments: Namespace(log_base=None, log_level=None, verb_name='build', build_base='build', install_base='install', merge_install=False, symlink_install=False, test_result_base=None, continue_on_error=False, executor='parallel', parallel_workers=8, event_handlers=None, ignore_user_meta=False, metas=['./colcon.meta'], base_paths=['.'], packages_ignore=None, packages_ignore_regex=None, paths=None, packages_up_to=None, packages_up_to_regex=None, packages_above=None, packages_above_and_dependencies=None, packages_above_depth=None, packages_select_by_dep=None, packages_skip_by_dep=None, packages_skip_up_to=None, packages_select_build_failed=False, packages_skip_build_finished=False, packages_select_test_failures=False, packages_skip_test_passed=False, packages_select=None, packages_skip=None, packages_select_regex=None, packages_skip_regex=None, packages_start=None, packages_end=None, allow_overriding=[], cmake_args=None, cmake_target=None, cmake_target_skip_unavailable=False, cmake_clean_cache=False, cmake_clean_first=False, cmake_force_configure=False, ament_cmake_args=None, catkin_cmake_args=None, catkin_skip_building_tests=False, mixin_files=None, mixin=None, verb_parser=<colcon_mixin.mixin.mixin_argument.MixinArgumentDecorator object at 0x79649d5a6b40>, verb_extension=<colcon_core.verb.build.BuildVerb object at 0x79649d5a6720>, main=<bound method BuildVerb.main of <colcon_core.verb.build.BuildVerb object at 0x79649d5a6720>>, mixin_verb=('build',))
[0.120s] Level 1:colcon.colcon_core.package_discovery:discover_packages(colcon_meta) check parameters
[0.120s] Level 1:colcon.colcon_core.package_discovery:discover_packages(recursive) check parameters
[0.120s] Level 1:colcon.colcon_core.package_discovery:discover_packages(ignore) check parameters
[0.120s] Level 1:colcon.colcon_core.package_discovery:discover_packages(path) check parameters
[0.120s] Level 1:colcon.colcon_core.package_discovery:discover_packages(colcon_meta) discover
[0.120s] Level 1:colcon.colcon_core.package_discovery:discover_packages(recursive) discover
[0.120s] INFO:colcon.colcon_core.package_discovery:Crawling recursively for packages in '/home/banjov2/speech-ros'
[0.120s] Level 1:colcon.colcon_core.package_identification:_identify(.) by extensions ['ignore', 'ignore_ament_install']
[0.120s] Level 1:colcon.colcon_core.package_identification:_identify(.) by extension 'ignore'
[0.120s] Level 1:colcon.colcon_core.package_identification:_identify(.) by extension 'ignore_ament_install'
[0.120s] Level 1:colcon.colcon_core.package_identification:_identify(.) by extensions ['colcon_pkg']
[0.120s] Level 1:colcon.colcon_core.package_identification:_identify(.) by extension 'colcon_pkg'
[0.120s] Level 1:colcon.colcon_core.package_identification:_identify(.) by extensions ['colcon_meta']
[0.121s] Level 1:colcon.colcon_core.package_identification:_identify(.) by extension 'colcon_meta'
[0.121s] Level 1:colcon.colcon_core.package_identification:_identify(.) by extensions ['ros']
[0.121s] Level 1:colcon.colcon_core.package_identification:_identify(.) by extension 'ros'
[0.141s] Level 1:colcon.colcon_core.package_identification:_identify(.) by extensions ['cmake', 'python']
[0.141s] Level 1:colcon.colcon_core.package_identification:_identify(.) by extension 'cmake'
[0.141s] Level 1:colcon.colcon_core.package_identification:_identify(.) by extension 'python'
[0.141s] Level 1:colcon.colcon_core.package_identification:_identify(.) by extensions ['python_setup_py']
[0.141s] Level 1:colcon.colcon_core.package_identification:_identify(.) by extension 'python_setup_py'
[0.141s] Level 1:colcon.colcon_core.package_identification:_identify(build) by extensions ['ignore', 'ignore_ament_install']
[0.141s] Level 1:colcon.colcon_core.package_identification:_identify(build) by extension 'ignore'
[0.141s] Level 1:colcon.colcon_core.package_identification:_identify(build) ignored
[0.142s] Level 1:colcon.colcon_core.package_identification:_identify(install) by extensions ['ignore', 'ignore_ament_install']
[0.142s] Level 1:colcon.colcon_core.package_identification:_identify(install) by extension 'ignore'
[0.142s] Level 1:colcon.colcon_core.package_identification:_identify(install) ignored
[0.142s] Level 1:colcon.colcon_core.package_identification:_identify(log) by extensions ['ignore', 'ignore_ament_install']
[0.142s] Level 1:colcon.colcon_core.package_identification:_identify(log) by extension 'ignore'
[0.142s] Level 1:colcon.colcon_core.package_identification:_identify(log) ignored
[0.142s] Level 1:colcon.colcon_core.package_identification:_identify(src) by extensions ['ignore', 'ignore_ament_install']
[0.142s] Level 1:colcon.colcon_core.package_identification:_identify(src) by extension 'ignore'
[0.142s] Level 1:colcon.colcon_core.package_identification:_identify(src) by extension 'ignore_ament_install'
[0.142s] Level 1:colcon.colcon_core.package_identification:_identify(src) by extensions ['colcon_pkg']
[0.142s] Level 1:colcon.colcon_core.package_identification:_identify(src) by extension 'colcon_pkg'
[0.142s] Level 1:colcon.colcon_core.package_identification:_identify(src) by extensions ['colcon_meta']
[0.142s] Level 1:colcon.colcon_core.package_identification:_identify(src) by extension 'colcon_meta'
[0.142s] Level 1:colcon.colcon_core.package_identification:_identify(src) by extensions ['ros']
[0.142s] Level 1:colcon.colcon_core.package_identification:_identify(src) by extension 'ros'
[0.142s] Level 1:colcon.colcon_core.package_identification:_identify(src) by extensions ['cmake', 'python']
[0.142s] Level 1:colcon.colcon_core.package_identification:_identify(src) by extension 'cmake'
[0.143s] Level 1:colcon.colcon_core.package_identification:_identify(src) by extension 'python'
[0.143s] Level 1:colcon.colcon_core.package_identification:_identify(src) by extensions ['python_setup_py']
[0.143s] Level 1:colcon.colcon_core.package_identification:_identify(src) by extension 'python_setup_py'
[0.143s] Level 1:colcon.colcon_core.package_identification:_identify(src/audio_streamer) by extensions ['ignore', 'ignore_ament_install']
[0.143s] Level 1:colcon.colcon_core.package_identification:_identify(src/audio_streamer) by extension 'ignore'
[0.143s] Level 1:colcon.colcon_core.package_identification:_identify(src/audio_streamer) by extension 'ignore_ament_install'
[0.143s] Level 1:colcon.colcon_core.package_identification:_identify(src/audio_streamer) by extensions ['colcon_pkg']
[0.143s] Level 1:colcon.colcon_core.package_identification:_identify(src/audio_streamer) by extension 'colcon_pkg'
[0.143s] Level 1:colcon.colcon_core.package_identification:_identify(src/audio_streamer) by extensions ['colcon_meta']
[0.143s] Level 1:colcon.colcon_core.package_identification:_identify(src/audio_streamer) by extension 'colcon_meta'
[0.143s] Level 1:colcon.colcon_core.package_identification:_identify(src/audio_streamer) by extensions ['ros']
[0.143s] Level 1:colcon.colcon_core.package_identification:_identify(src/audio_streamer) by extension 'ros'
[0.145s] DEBUG:colcon.colcon_core.package_identification:Package 'src/audio_streamer' with type 'ros.ament_python' and name 'audio_streamer'
[0.145s] Level 1:colcon.colcon_core.package_discovery:discover_packages(recursive) using defaults
[0.145s] Level 1:colcon.colcon_core.package_discovery:discover_packages(ignore) discover
[0.145s] Level 1:colcon.colcon_core.package_discovery:discover_packages(ignore) using defaults
[0.145s] Level 1:colcon.colcon_core.package_discovery:discover_packages(path) discover
[0.145s] Level 1:colcon.colcon_core.package_discovery:discover_packages(path) using defaults
[0.159s] Level 1:colcon.colcon_core.package_discovery:discover_packages(prefix_path) check parameters
[0.159s] Level 1:colcon.colcon_core.package_discovery:discover_packages(prefix_path) discover
[0.160s] DEBUG:colcon.colcon_installed_package_information.package_discovery:Found 1 installed packages in /home/banjov2/speech-ros/install
[0.161s] DEBUG:colcon.colcon_installed_package_information.package_discovery:Found 285 installed packages in /opt/ros/jazzy
[0.162s] Level 1:colcon.colcon_core.package_discovery:discover_packages(prefix_path) using defaults
[0.195s] Level 5:colcon.colcon_core.verb:set package 'audio_streamer' build argument 'cmake_args' from command line to 'None'
[0.195s] Level 5:colcon.colcon_core.verb:set package 'audio_streamer' build argument 'cmake_target' from command line to 'None'
[0.196s] Level 5:colcon.colcon_core.verb:set package 'audio_streamer' build argument 'cmake_target_skip_unavailable' from command line to 'False'
[0.196s] Level 5:colcon.colcon_core.verb:set package 'audio_streamer' build argument 'cmake_clean_cache' from command line to 'False'
[0.196s] Level 5:colcon.colcon_core.verb:set package 'audio_streamer' build argument 'cmake_clean_first' from command line to 'False'
[0.196s] Level 5:colcon.colcon_core.verb:set package 'audio_streamer' build argument 'cmake_force_configure' from command line to 'False'
[0.196s] Level 5:colcon.colcon_core.verb:set package 'audio_streamer' build argument 'ament_cmake_args' from command line to 'None'
[0.196s] Level 5:colcon.colcon_core.verb:set package 'audio_streamer' build argument 'catkin_cmake_args' from command line to 'None'
[0.196s] Level 5:colcon.colcon_core.verb:set package 'audio_streamer' build argument 'catkin_skip_building_tests' from command line to 'False'
[0.196s] DEBUG:colcon.colcon_core.verb:Building package 'audio_streamer' with the following arguments: {'ament_cmake_args': None, 'build_base': '/home/banjov2/speech-ros/build/audio_streamer', 'catkin_cmake_args': None, 'catkin_skip_building_tests': False, 'cmake_args': None, 'cmake_clean_cache': False, 'cmake_clean_first': False, 'cmake_force_configure': False, 'cmake_target': None, 'cmake_target_skip_unavailable': False, 'install_base': '/home/banjov2/speech-ros/install/audio_streamer', 'merge_install': False, 'path': '/home/banjov2/speech-ros/src/audio_streamer', 'symlink_install': False, 'test_result_base': None}
[0.196s] INFO:colcon.colcon_core.executor:Executing jobs using 'parallel' executor
[0.197s] DEBUG:colcon.colcon_parallel_executor.executor.parallel:run_until_complete
[0.197s] INFO:colcon.colcon_ros.task.ament_python.build:Building ROS package in '/home/banjov2/speech-ros/src/audio_streamer' with build type 'ament_python'
[0.197s] Level 1:colcon.colcon_core.shell:create_environment_hook('audio_streamer', 'ament_prefix_path')
[0.198s] INFO:colcon.colcon_core.plugin_system:Skipping extension 'colcon_core.shell.bat': Not used on non-Windows systems
[0.199s] INFO:colcon.colcon_core.shell:Creating environment hook '/home/banjov2/speech-ros/install/audio_streamer/share/audio_streamer/hook/ament_prefix_path.ps1'
[0.199s] INFO:colcon.colcon_core.shell:Creating environment descriptor '/home/banjov2/speech-ros/install/audio_streamer/share/audio_streamer/hook/ament_prefix_path.dsv'
[0.200s] INFO:colcon.colcon_core.shell:Creating environment hook '/home/banjov2/speech-ros/install/audio_streamer/share/audio_streamer/hook/ament_prefix_path.sh'
[0.200s] INFO:colcon.colcon_core.shell:Skip shell extension 'powershell' for command environment: Not usable outside of PowerShell
[0.200s] DEBUG:colcon.colcon_core.shell:Skip shell extension 'dsv' for command environment
[0.412s] INFO:colcon.colcon_core.task.python.build:Building Python package in '/home/banjov2/speech-ros/src/audio_streamer'
[0.412s] INFO:colcon.colcon_core.shell:Skip shell extension 'powershell' for command environment: Not usable outside of PowerShell
[0.412s] DEBUG:colcon.colcon_core.shell:Skip shell extension 'dsv' for command environment
[1.046s] DEBUG:colcon.colcon_core.event_handler.log_command:Invoking command in '/home/banjov2/speech-ros/src/audio_streamer': DEBUGINFOD_URLS=https://debuginfod.ubuntu.com PYTHONPATH=/home/banjov2/speech-ros/build/audio_streamer/prefix_override:/usr/lib/python3/dist-packages/colcon_core/task/python/colcon_distutils_commands:/home/banjov2/speech-ros/install/audio_streamer/lib/python3.12/site-packages:${PYTHONPATH} /usr/bin/python3 -W ignore:setup.py install is deprecated -W ignore:easy_install command is deprecated setup.py egg_info --egg-base ../../build/audio_streamer build --build-base /home/banjov2/speech-ros/build/audio_streamer/build install --record /home/banjov2/speech-ros/build/audio_streamer/install.log --single-version-externally-managed install_data
[1.635s] Level 1:colcon.colcon_core.environment:checking '/home/banjov2/speech-ros/install/audio_streamer' for CMake module files
[1.635s] DEBUG:colcon.colcon_core.event_handler.log_command:Invoked command in '/home/banjov2/speech-ros/src/audio_streamer' returned '0': DEBUGINFOD_URLS=https://debuginfod.ubuntu.com PYTHONPATH=/home/banjov2/speech-ros/build/audio_streamer/prefix_override:/usr/lib/python3/dist-packages/colcon_core/task/python/colcon_distutils_commands:/home/banjov2/speech-ros/install/audio_streamer/lib/python3.12/site-packages:${PYTHONPATH} /usr/bin/python3 -W ignore:setup.py install is deprecated -W ignore:easy_install command is deprecated setup.py egg_info --egg-base ../../build/audio_streamer build --build-base /home/banjov2/speech-ros/build/audio_streamer/build install --record /home/banjov2/speech-ros/build/audio_streamer/install.log --single-version-externally-managed install_data
[1.636s] Level 1:colcon.colcon_core.environment:checking '/home/banjov2/speech-ros/install/audio_streamer' for CMake config files
[1.636s] Level 1:colcon.colcon_core.environment:checking '/home/banjov2/speech-ros/install/audio_streamer/lib'
[1.637s] Level 1:colcon.colcon_core.environment:checking '/home/banjov2/speech-ros/install/audio_streamer/bin'
[1.637s] Level 1:colcon.colcon_core.environment:checking '/home/banjov2/speech-ros/install/audio_streamer/lib/pkgconfig/audio_streamer.pc'
[1.637s] Level 1:colcon.colcon_core.environment:checking '/home/banjov2/speech-ros/install/audio_streamer/lib/python3.12/site-packages'
[1.637s] Level 1:colcon.colcon_core.shell:create_environment_hook('audio_streamer', 'pythonpath')
[1.637s] INFO:colcon.colcon_core.shell:Creating environment hook '/home/banjov2/speech-ros/install/audio_streamer/share/audio_streamer/hook/pythonpath.ps1'
[1.638s] INFO:colcon.colcon_core.shell:Creating environment descriptor '/home/banjov2/speech-ros/install/audio_streamer/share/audio_streamer/hook/pythonpath.dsv'
[1.638s] INFO:colcon.colcon_core.shell:Creating environment hook '/home/banjov2/speech-ros/install/audio_streamer/share/audio_streamer/hook/pythonpath.sh'
[1.639s] Level 1:colcon.colcon_core.environment:checking '/home/banjov2/speech-ros/install/audio_streamer/bin'
[1.639s] Level 1:colcon.colcon_core.environment:create_environment_scripts_only(audio_streamer)
[1.639s] INFO:colcon.colcon_core.shell:Creating package script '/home/banjov2/speech-ros/install/audio_streamer/share/audio_streamer/package.ps1'
[1.640s] INFO:colcon.colcon_core.shell:Creating package descriptor '/home/banjov2/speech-ros/install/audio_streamer/share/audio_streamer/package.dsv'
[1.640s] INFO:colcon.colcon_core.shell:Creating package script '/home/banjov2/speech-ros/install/audio_streamer/share/audio_streamer/package.sh'
[1.641s] INFO:colcon.colcon_core.shell:Creating package script '/home/banjov2/speech-ros/install/audio_streamer/share/audio_streamer/package.bash'
[1.642s] INFO:colcon.colcon_core.shell:Creating package script '/home/banjov2/speech-ros/install/audio_streamer/share/audio_streamer/package.zsh'
[1.642s] Level 1:colcon.colcon_core.environment:create_file_with_runtime_dependencies(/home/banjov2/speech-ros/install/audio_streamer/share/colcon-core/packages/audio_streamer)
[1.643s] DEBUG:colcon.colcon_parallel_executor.executor.parallel:closing loop
[1.643s] DEBUG:colcon.colcon_parallel_executor.executor.parallel:loop closed
[1.643s] DEBUG:colcon.colcon_parallel_executor.executor.parallel:run_until_complete finished with '0'
[1.643s] DEBUG:colcon.colcon_core.event_reactor:joining thread
[1.648s] INFO:colcon.colcon_core.plugin_system:Skipping extension 'colcon_notification.desktop_notification.terminal_notifier': Not used on non-Darwin systems
[1.648s] INFO:colcon.colcon_core.plugin_system:Skipping extension 'colcon_notification.desktop_notification.win32': Not used on non-Windows systems
[1.648s] INFO:colcon.colcon_notification.desktop_notification:Sending desktop notification using 'notify2'
[1.660s] DEBUG:colcon.colcon_core.event_reactor:joined thread
[1.660s] INFO:colcon.colcon_core.shell:Creating prefix script '/home/banjov2/speech-ros/install/local_setup.ps1'
[1.661s] INFO:colcon.colcon_core.shell:Creating prefix util module '/home/banjov2/speech-ros/install/_local_setup_util_ps1.py'
[1.662s] INFO:colcon.colcon_core.shell:Creating prefix chain script '/home/banjov2/speech-ros/install/setup.ps1'
[1.663s] INFO:colcon.colcon_core.shell:Creating prefix script '/home/banjov2/speech-ros/install/local_setup.sh'
[1.663s] INFO:colcon.colcon_core.shell:Creating prefix util module '/home/banjov2/speech-ros/install/_local_setup_util_sh.py'
[1.663s] INFO:colcon.colcon_core.shell:Creating prefix chain script '/home/banjov2/speech-ros/install/setup.sh'
[1.664s] INFO:colcon.colcon_core.shell:Creating prefix script '/home/banjov2/speech-ros/install/local_setup.bash'
[1.664s] INFO:colcon.colcon_core.shell:Creating prefix chain script '/home/banjov2/speech-ros/install/setup.bash'
[1.665s] INFO:colcon.colcon_core.shell:Creating prefix script '/home/banjov2/speech-ros/install/local_setup.zsh'
[1.665s] INFO:colcon.colcon_core.shell:Creating prefix chain script '/home/banjov2/speech-ros/install/setup.zsh'
